[0m15:48:44.999116 [debug] [MainThread]: Sending event: {'category': 'dbt', 'action': 'invocation', 'label': 'start', 'context': [<snowplow_tracker.self_describing_json.SelfDescribingJson object at 0x000001BB06861610>, <snowplow_tracker.self_describing_json.SelfDescribingJson object at 0x000001BB09918340>, <snowplow_tracker.self_describing_json.SelfDescribingJson object at 0x000001BB07C2B610>]}


============================== 15:48:45.002121 | 0515c514-43ce-4363-8701-8216059c4c03 ==============================
[0m15:48:45.002121 [info ] [MainThread]: Running with dbt=1.8.4
[0m15:48:45.003096 [debug] [MainThread]: running dbt with arguments {'printer_width': '80', 'indirect_selection': 'eager', 'write_json': 'True', 'log_cache_events': 'False', 'partial_parse': 'True', 'cache_selected_only': 'False', 'profiles_dir': 'C:\\Users\\MohamedMallouk\\.dbt', 'fail_fast': 'False', 'debug': 'False', 'log_path': 'logs', 'warn_error': 'None', 'version_check': 'True', 'use_colors': 'True', 'use_experimental_parser': 'False', 'empty': 'None', 'quiet': 'False', 'no_print': 'None', 'log_format': 'default', 'static_parser': 'True', 'introspect': 'True', 'invocation_command': 'dbt init sales_dbt', 'target_path': 'None', 'warn_error_options': 'WarnErrorOptions(include=[], exclude=[])', 'send_anonymous_usage_stats': 'True'}
[0m15:48:45.016097 [debug] [MainThread]: Starter project path: c:\users\mohamedmallouk\appdata\local\programs\python\python38\lib\site-packages\dbt\include\starter_project
[0m15:48:45.026101 [info ] [MainThread]: 
Your new dbt project "sales_dbt" was created!

For more information on how to configure the profiles.yml file,
please consult the dbt documentation here:

  https://docs.getdbt.com/docs/configure-your-profile

One more thing:

Need help? Don't hesitate to reach out to us via GitHub issues or on Slack:

  https://community.getdbt.com/

Happy modeling!

[0m15:48:45.029113 [info ] [MainThread]: Setting up your profile.
[0m15:49:04.897853 [info ] [MainThread]: Profile sales_dbt written to C:\Users\MohamedMallouk\.dbt\profiles.yml using target's profile_template.yml and your supplied values. Run 'dbt debug' to validate the connection.
[0m15:49:04.899816 [debug] [MainThread]: Command `dbt init` succeeded at 15:49:04.898854 after 19.98 seconds
[0m15:49:04.899816 [debug] [MainThread]: Sending event: {'category': 'dbt', 'action': 'invocation', 'label': 'end', 'context': [<snowplow_tracker.self_describing_json.SelfDescribingJson object at 0x000001BB06861610>, <snowplow_tracker.self_describing_json.SelfDescribingJson object at 0x000001BB09F50160>, <snowplow_tracker.self_describing_json.SelfDescribingJson object at 0x000001BB09918070>]}
[0m15:49:04.899816 [debug] [MainThread]: Flushing usage events
[0m15:57:46.990044 [debug] [MainThread]: Sending event: {'category': 'dbt', 'action': 'invocation', 'label': 'start', 'context': [<snowplow_tracker.self_describing_json.SelfDescribingJson object at 0x00000204412AF4C0>, <snowplow_tracker.self_describing_json.SelfDescribingJson object at 0x0000020443C73880>, <snowplow_tracker.self_describing_json.SelfDescribingJson object at 0x0000020442643910>]}


============================== 15:57:46.993058 | 7ae68451-f85d-4fd3-8de4-cddb11b41d5b ==============================
[0m15:57:46.993058 [info ] [MainThread]: Running with dbt=1.8.4
[0m15:57:46.994050 [debug] [MainThread]: running dbt with arguments {'printer_width': '80', 'indirect_selection': 'eager', 'log_cache_events': 'False', 'write_json': 'True', 'partial_parse': 'True', 'cache_selected_only': 'False', 'profiles_dir': 'C:\\Users\\MohamedMallouk\\.dbt', 'debug': 'False', 'fail_fast': 'False', 'log_path': 'logs', 'version_check': 'True', 'warn_error': 'None', 'use_colors': 'True', 'use_experimental_parser': 'False', 'no_print': 'None', 'quiet': 'False', 'empty': 'None', 'log_format': 'default', 'introspect': 'True', 'invocation_command': 'dbt debug', 'warn_error_options': 'WarnErrorOptions(include=[], exclude=[])', 'target_path': 'None', 'static_parser': 'True', 'send_anonymous_usage_stats': 'True'}
[0m15:57:47.008044 [info ] [MainThread]: dbt version: 1.8.4
[0m15:57:47.009044 [info ] [MainThread]: python version: 3.8.10
[0m15:57:47.010045 [info ] [MainThread]: python path: c:\users\mohamedmallouk\appdata\local\programs\python\python38\python.exe
[0m15:57:47.010045 [info ] [MainThread]: os info: Windows-10-10.0.19045-SP0
[0m15:57:47.075493 [info ] [MainThread]: Using profiles dir at C:\Users\MohamedMallouk\.dbt
[0m15:57:47.076493 [info ] [MainThread]: Using profiles.yml file at C:\Users\MohamedMallouk\.dbt\profiles.yml
[0m15:57:47.077016 [info ] [MainThread]: Using dbt_project.yml file at C:\Users\MohamedMallouk\Documents\Micro-Services\Learning\RetailsAnalysis\dbt\dbt_project.yml
[0m15:57:47.078002 [info ] [MainThread]: adapter type: postgres
[0m15:57:47.078002 [info ] [MainThread]: adapter version: 1.8.2
[0m15:57:47.079002 [info ] [MainThread]: Configuration:
[0m15:57:47.079002 [info ] [MainThread]:   profiles.yml file [[32mOK found and valid[0m]
[0m15:57:47.079002 [info ] [MainThread]:   dbt_project.yml file [[31mERROR not found[0m]
[0m15:57:47.080002 [info ] [MainThread]: Required dependencies:
[0m15:57:47.080002 [debug] [MainThread]: Executing "git --help"
[0m15:57:47.108010 [debug] [MainThread]: STDOUT: "b"usage: git [-v | --version] [-h | --help] [-C <path>] [-c <name>=<value>]\n           [--exec-path[=<path>]] [--html-path] [--man-path] [--info-path]\n           [-p | --paginate | -P | --no-pager] [--no-replace-objects] [--bare]\n           [--git-dir=<path>] [--work-tree=<path>] [--namespace=<name>]\n           [--config-env=<name>=<envvar>] <command> [<args>]\n\nThese are common Git commands used in various situations:\n\nstart a working area (see also: git help tutorial)\n   clone     Clone a repository into a new directory\n   init      Create an empty Git repository or reinitialize an existing one\n\nwork on the current change (see also: git help everyday)\n   add       Add file contents to the index\n   mv        Move or rename a file, a directory, or a symlink\n   restore   Restore working tree files\n   rm        Remove files from the working tree and from the index\n\nexamine the history and state (see also: git help revisions)\n   bisect    Use binary search to find the commit that introduced a bug\n   diff      Show changes between commits, commit and working tree, etc\n   grep      Print lines matching a pattern\n   log       Show commit logs\n   show      Show various types of objects\n   status    Show the working tree status\n\ngrow, mark and tweak your common history\n   branch    List, create, or delete branches\n   commit    Record changes to the repository\n   merge     Join two or more development histories together\n   rebase    Reapply commits on top of another base tip\n   reset     Reset current HEAD to the specified state\n   switch    Switch branches\n   tag       Create, list, delete or verify a tag object signed with GPG\n\ncollaborate (see also: git help workflows)\n   fetch     Download objects and refs from another repository\n   pull      Fetch from and integrate with another repository or a local branch\n   push      Update remote refs along with associated objects\n\n'git help -a' and 'git help -g' list available subcommands and some\nconcept guides. See 'git help <command>' or 'git help <concept>'\nto read about a specific subcommand or concept.\nSee 'git help git' for an overview of the system.\n""
[0m15:57:47.109003 [debug] [MainThread]: STDERR: "b''"
[0m15:57:47.110005 [info ] [MainThread]:  - git [[32mOK found[0m]

[0m15:57:47.110005 [info ] [MainThread]: Connection:
[0m15:57:47.111004 [info ] [MainThread]:   host: dev-postgres-db.cjsobquqwhkx.ca-central-1.rds.amazonaws.com
[0m15:57:47.112004 [info ] [MainThread]:   port: 5432
[0m15:57:47.112004 [info ] [MainThread]:   user: reconpay
[0m15:57:47.113004 [info ] [MainThread]:   database: postgres
[0m15:57:47.113004 [info ] [MainThread]:   schema: public
[0m15:57:47.113004 [info ] [MainThread]:   connect_timeout: 10
[0m15:57:47.114005 [info ] [MainThread]:   role: None
[0m15:57:47.115003 [info ] [MainThread]:   search_path: None
[0m15:57:47.115003 [info ] [MainThread]:   keepalives_idle: 0
[0m15:57:47.116002 [info ] [MainThread]:   sslmode: None
[0m15:57:47.116002 [info ] [MainThread]:   sslcert: None
[0m15:57:47.116002 [info ] [MainThread]:   sslkey: None
[0m15:57:47.117002 [info ] [MainThread]:   sslrootcert: None
[0m15:57:47.117002 [info ] [MainThread]:   application_name: dbt
[0m15:57:47.118009 [info ] [MainThread]:   retries: 1
[0m15:57:47.119003 [info ] [MainThread]: Registered adapter: postgres=1.8.2
[0m15:57:47.120002 [debug] [MainThread]: Acquiring new postgres connection 'debug'
[0m15:57:49.451108 [debug] [MainThread]: Using postgres connection "debug"
[0m15:57:49.452111 [debug] [MainThread]: On debug: select 1 as id
[0m15:57:49.452111 [debug] [MainThread]: Opening a new connection, currently in state init
[0m15:57:49.885312 [debug] [MainThread]: SQL status: SELECT 1 in 0.0 seconds
[0m15:57:49.887319 [debug] [MainThread]: On debug: Close
[0m15:57:49.887319 [info ] [MainThread]:   Connection test: [[32mOK connection ok[0m]

[0m15:57:49.888314 [info ] [MainThread]: [31m1 check failed:[0m
[0m15:57:49.889312 [info ] [MainThread]: Project loading failed for the following reason:
 project path <C:\Users\MohamedMallouk\Documents\Micro-Services\Learning\RetailsAnalysis\dbt\dbt_project.yml> not found

[0m15:57:49.890311 [debug] [MainThread]: Command `dbt debug` failed at 15:57:49.890311 after 2.97 seconds
[0m15:57:49.891314 [debug] [MainThread]: Connection 'debug' was properly closed.
[0m15:57:49.891314 [debug] [MainThread]: Sending event: {'category': 'dbt', 'action': 'invocation', 'label': 'end', 'context': [<snowplow_tracker.self_describing_json.SelfDescribingJson object at 0x00000204412AF4C0>, <snowplow_tracker.self_describing_json.SelfDescribingJson object at 0x0000020444AE16A0>, <snowplow_tracker.self_describing_json.SelfDescribingJson object at 0x0000020444AE13D0>]}
[0m15:57:49.892315 [debug] [MainThread]: Flushing usage events
[0m15:58:24.827011 [debug] [MainThread]: Sending event: {'category': 'dbt', 'action': 'invocation', 'label': 'start', 'context': [<snowplow_tracker.self_describing_json.SelfDescribingJson object at 0x0000017A30659370>, <snowplow_tracker.self_describing_json.SelfDescribingJson object at 0x0000017A336CBD30>, <snowplow_tracker.self_describing_json.SelfDescribingJson object at 0x0000017A318BB850>]}


============================== 15:58:24.831029 | 9df44059-706e-40c7-9117-60fe2a063286 ==============================
[0m15:58:24.831029 [info ] [MainThread]: Running with dbt=1.8.4
[0m15:58:24.832015 [debug] [MainThread]: running dbt with arguments {'printer_width': '80', 'indirect_selection': 'eager', 'write_json': 'True', 'log_cache_events': 'False', 'partial_parse': 'True', 'cache_selected_only': 'False', 'profiles_dir': 'C:\\Users\\MohamedMallouk\\.dbt', 'fail_fast': 'False', 'warn_error': 'None', 'log_path': 'logs', 'version_check': 'True', 'debug': 'False', 'use_colors': 'True', 'use_experimental_parser': 'False', 'empty': 'None', 'quiet': 'False', 'no_print': 'None', 'warn_error_options': 'WarnErrorOptions(include=[], exclude=[])', 'invocation_command': 'dbt debug', 'static_parser': 'True', 'log_format': 'default', 'target_path': 'None', 'introspect': 'True', 'send_anonymous_usage_stats': 'True'}
[0m15:58:24.848273 [info ] [MainThread]: dbt version: 1.8.4
[0m15:58:24.848273 [info ] [MainThread]: python version: 3.8.10
[0m15:58:24.849280 [info ] [MainThread]: python path: c:\users\mohamedmallouk\appdata\local\programs\python\python38\python.exe
[0m15:58:24.849280 [info ] [MainThread]: os info: Windows-10-10.0.19045-SP0
[0m15:58:24.913809 [info ] [MainThread]: Using profiles dir at C:\Users\MohamedMallouk\.dbt
[0m15:58:24.914789 [info ] [MainThread]: Using profiles.yml file at C:\Users\MohamedMallouk\.dbt\profiles.yml
[0m15:58:24.914789 [info ] [MainThread]: Using dbt_project.yml file at C:\Users\MohamedMallouk\Documents\Micro-Services\Learning\RetailsAnalysis\dbt\dbt_project.yml
[0m15:58:24.916781 [info ] [MainThread]: adapter type: postgres
[0m15:58:24.916781 [info ] [MainThread]: adapter version: 1.8.2
[0m15:58:24.916781 [info ] [MainThread]: Configuration:
[0m15:58:24.917806 [info ] [MainThread]:   profiles.yml file [[32mOK found and valid[0m]
[0m15:58:24.917806 [info ] [MainThread]:   dbt_project.yml file [[31mERROR not found[0m]
[0m15:58:24.917806 [info ] [MainThread]: Required dependencies:
[0m15:58:24.918787 [debug] [MainThread]: Executing "git --help"
[0m15:58:24.949540 [debug] [MainThread]: STDOUT: "b"usage: git [-v | --version] [-h | --help] [-C <path>] [-c <name>=<value>]\n           [--exec-path[=<path>]] [--html-path] [--man-path] [--info-path]\n           [-p | --paginate | -P | --no-pager] [--no-replace-objects] [--bare]\n           [--git-dir=<path>] [--work-tree=<path>] [--namespace=<name>]\n           [--config-env=<name>=<envvar>] <command> [<args>]\n\nThese are common Git commands used in various situations:\n\nstart a working area (see also: git help tutorial)\n   clone     Clone a repository into a new directory\n   init      Create an empty Git repository or reinitialize an existing one\n\nwork on the current change (see also: git help everyday)\n   add       Add file contents to the index\n   mv        Move or rename a file, a directory, or a symlink\n   restore   Restore working tree files\n   rm        Remove files from the working tree and from the index\n\nexamine the history and state (see also: git help revisions)\n   bisect    Use binary search to find the commit that introduced a bug\n   diff      Show changes between commits, commit and working tree, etc\n   grep      Print lines matching a pattern\n   log       Show commit logs\n   show      Show various types of objects\n   status    Show the working tree status\n\ngrow, mark and tweak your common history\n   branch    List, create, or delete branches\n   commit    Record changes to the repository\n   merge     Join two or more development histories together\n   rebase    Reapply commits on top of another base tip\n   reset     Reset current HEAD to the specified state\n   switch    Switch branches\n   tag       Create, list, delete or verify a tag object signed with GPG\n\ncollaborate (see also: git help workflows)\n   fetch     Download objects and refs from another repository\n   pull      Fetch from and integrate with another repository or a local branch\n   push      Update remote refs along with associated objects\n\n'git help -a' and 'git help -g' list available subcommands and some\nconcept guides. See 'git help <command>' or 'git help <concept>'\nto read about a specific subcommand or concept.\nSee 'git help git' for an overview of the system.\n""
[0m15:58:24.950533 [debug] [MainThread]: STDERR: "b''"
[0m15:58:24.951654 [info ] [MainThread]:  - git [[32mOK found[0m]

[0m15:58:24.952256 [info ] [MainThread]: Connection:
[0m15:58:24.952256 [info ] [MainThread]:   host: dev-postgres-db.cjsobquqwhkx.ca-central-1.rds.amazonaws.com
[0m15:58:24.953281 [info ] [MainThread]:   port: 5432
[0m15:58:24.953281 [info ] [MainThread]:   user: reconpay
[0m15:58:24.953281 [info ] [MainThread]:   database: postgres
[0m15:58:24.954277 [info ] [MainThread]:   schema: public
[0m15:58:24.954277 [info ] [MainThread]:   connect_timeout: 10
[0m15:58:24.955278 [info ] [MainThread]:   role: None
[0m15:58:24.956276 [info ] [MainThread]:   search_path: None
[0m15:58:24.956276 [info ] [MainThread]:   keepalives_idle: 0
[0m15:58:24.957277 [info ] [MainThread]:   sslmode: None
[0m15:58:24.957277 [info ] [MainThread]:   sslcert: None
[0m15:58:24.958269 [info ] [MainThread]:   sslkey: None
[0m15:58:24.958269 [info ] [MainThread]:   sslrootcert: None
[0m15:58:24.959300 [info ] [MainThread]:   application_name: dbt
[0m15:58:24.959300 [info ] [MainThread]:   retries: 1
[0m15:58:24.960844 [info ] [MainThread]: Registered adapter: postgres=1.8.2
[0m15:58:24.961491 [debug] [MainThread]: Acquiring new postgres connection 'debug'
[0m15:58:25.023664 [debug] [MainThread]: Using postgres connection "debug"
[0m15:58:25.024665 [debug] [MainThread]: On debug: select 1 as id
[0m15:58:25.024665 [debug] [MainThread]: Opening a new connection, currently in state init
[0m15:58:25.237630 [debug] [MainThread]: SQL status: SELECT 1 in 0.0 seconds
[0m15:58:25.238627 [debug] [MainThread]: On debug: Close
[0m15:58:25.239627 [info ] [MainThread]:   Connection test: [[32mOK connection ok[0m]

[0m15:58:25.240632 [info ] [MainThread]: [31m1 check failed:[0m
[0m15:58:25.241632 [info ] [MainThread]: Project loading failed for the following reason:
 project path <C:\Users\MohamedMallouk\Documents\Micro-Services\Learning\RetailsAnalysis\dbt\dbt_project.yml> not found

[0m15:58:25.242650 [debug] [MainThread]: Command `dbt debug` failed at 15:58:25.242650 after 0.49 seconds
[0m15:58:25.242650 [debug] [MainThread]: Connection 'debug' was properly closed.
[0m15:58:25.243651 [debug] [MainThread]: Sending event: {'category': 'dbt', 'action': 'invocation', 'label': 'end', 'context': [<snowplow_tracker.self_describing_json.SelfDescribingJson object at 0x0000017A30659370>, <snowplow_tracker.self_describing_json.SelfDescribingJson object at 0x0000017A33E77BB0>, <snowplow_tracker.self_describing_json.SelfDescribingJson object at 0x0000017A33E77130>]}
[0m15:58:25.243651 [debug] [MainThread]: Flushing usage events
